<?xml version="1.0" encoding="UTF-8"?>
<testng-results ignored="0" total="3" passed="3" failed="0" skipped="0">
  <reporter-output>
    <line>
      <![CDATA[opening flipkart]]>
    </line>
    <line>
      <![CDATA[opening ajio ]]>
    </line>
    <line>
      <![CDATA[Opening Amazone Browser ]]>
    </line>
  </reporter-output>
  <suite started-at="2023-09-18T11:59:32 IST" name="Suite" finished-at="2023-09-18T12:00:00 IST" duration-ms="27789">
    <groups>
    </groups>
    <test started-at="2023-09-18T11:59:32 IST" name="Test" finished-at="2023-09-18T12:00:00 IST" duration-ms="27789">
      <class name="ecommerce.Ajio">
        <test-method signature="ajioTest()[pri:0, instance:ecommerce.Ajio@5fbdfdcf]" started-at="2023-09-18T11:59:42 IST" name="ajioTest" finished-at="2023-09-18T11:59:51 IST" duration-ms="9380" status="PASS">
          <reporter-output>
            <line>
              <![CDATA[opening ajio ]]>
            </line>
          </reporter-output>
        </test-method> <!-- ajioTest -->
      </class> <!-- ecommerce.Ajio -->
      <class name="ecommerce.Flipkart">
        <test-method signature="flipcartTest()[pri:0, instance:ecommerce.Flipkart@3d5c822d]" started-at="2023-09-18T11:59:32 IST" name="flipcartTest" finished-at="2023-09-18T11:59:42 IST" duration-ms="9766" status="PASS">
          <reporter-output>
            <line>
              <![CDATA[opening flipkart]]>
            </line>
          </reporter-output>
        </test-method> <!-- flipcartTest -->
      </class> <!-- ecommerce.Flipkart -->
      <class name="ecommerce.Amazzon">
        <test-method signature="amazonnTest()[pri:0, instance:ecommerce.Amazzon@4efc180e]" started-at="2023-09-18T11:59:51 IST" name="amazonnTest" finished-at="2023-09-18T12:00:00 IST" duration-ms="8600" status="PASS">
          <reporter-output>
            <line>
              <![CDATA[Opening Amazone Browser ]]>
            </line>
          </reporter-output>
        </test-method> <!-- amazonnTest -->
      </class> <!-- ecommerce.Amazzon -->
    </test> <!-- Test -->
  </suite> <!-- Suite -->
</testng-results>
